<?xml version="1.0" encoding="UTF-8"?>
<!-- Generated by org.testng.reporters.JUnitReportReporter -->
<testsuite skipped="0" hostname="MRAGHAVI" name="mytest.Register" tests="1" failures="0" timestamp="19 Mar 2018 14:55:40 GMT" time="2.254" errors="0">
  <testcase name="register" time="2.254" classname="mytest.Register"/>
</testsuite> <!-- mytest.Register -->
